<?xml version="1.0" encoding="UTF-8"?>
<!-- Generated by org.testng.reporters.JUnitReportReporter -->
<testsuite hostname="DESKTOP-SSVA3IU" failures="0" tests="1" name="com.team1.TestRunner.TestRunner" time="17.994" errors="0" timestamp="2022-07-11T12:06:46 GMT-07:00" skipped="0">
  <testcase classname="com.team1.TestRunner.TestRunner" name="feature" time="17.994"/>
  <system-out/>
</testsuite> <!-- com.team1.TestRunner.TestRunner -->
