<?xml version="1.0" encoding="UTF-8"?>
<!-- Generated by org.testng.reporters.JUnitReportReporter -->
<testsuite hostname="DESKTOP-8O013AV" failures="0" tests="6" name="com.team6.TestRunner.TestRunner" time="35.495" errors="0" timestamp="2022-07-13T09:17:04 IST" skipped="0">
  <testcase classname="com.team6.TestRunner.TestRunner" name="feature" time="0.176"/>
  <system-out/>
  <testcase classname="com.team6.TestRunner.TestRunner" name="feature" time="0.103"/>
  <system-out/>
  <testcase classname="com.team6.TestRunner.TestRunner" name="feature" time="0.103"/>
  <system-out/>
  <testcase classname="com.team6.TestRunner.TestRunner" name="feature" time="33.544"/>
  <system-out/>
  <testcase classname="com.team6.TestRunner.TestRunner" name="feature" time="0.271"/>
  <system-out/>
  <testcase classname="com.team6.TestRunner.TestRunner" name="feature" time="1.298"/>
  <system-out/>
</testsuite> <!-- com.team6.TestRunner.TestRunner -->
