<?xml version="1.0" encoding="UTF-8"?>
<!-- Generated by org.testng.reporters.JUnitReportReporter -->
<testsuite hostname="DESKTOP-SSVA3IU" failures="0" tests="1" name="com.team3.TestRunner.TestRunner" time="16.458" errors="0" timestamp="2022-07-07T19:53:55 GMT-07:00" skipped="0">
  <testcase classname="com.team3.TestRunner.TestRunner" name="feature" time="16.458"/>
  <system-out/>
</testsuite> <!-- com.team3.TestRunner.TestRunner -->
