<?xml version="1.0" encoding="UTF-8"?>
<!-- Generated by org.testng.reporters.JUnitReportReporter -->
<testsuite hostname="DESKTOP-SSVA3IU" failures="0" tests="1" name="com.team3.TestRunner.functionTestRunner" time="11.785" errors="0" timestamp="2022-07-07T19:24:14 GMT-07:00" skipped="0">
  <testcase classname="com.team3.TestRunner.functionTestRunner" name="feature" time="11.785"/>
  <system-out/>
</testsuite> <!-- com.team3.TestRunner.functionTestRunner -->
